<?xml version="1.0" encoding="UTF-8"?>
<testsuite xmlns:xsi="http://www.w3.org/2001/XMLSchema-instance" xsi:noNamespaceSchemaLocation="https://maven.apache.org/surefire/maven-surefire-plugin/xsd/surefire-test-report-3.0.xsd" version="3.0" name="documentManagement.DocumentManagementApplicationTests" time="6.958" tests="1" errors="0" skipped="0" failures="0">
  <properties>
[...]
</properties>
  <testcase name="contextLoads" classname="documentManagement.DocumentManagementApplicationTests" time="0.182">
    <system-out><![CDATA[09:38:39.968 [main] DEBUG org.springframework.test.context.BootstrapUtils - Instantiating CacheAwareContextLoaderDelegate from class [org.springframework.test.context.cache.DefaultCacheAwareContextLoaderDelegate]
09:38:39.984 [main] DEBUG org.springframework.test.context.BootstrapUtils - Instantiating BootstrapContext using constructor [public org.springframework.test.context.support.DefaultBootstrapContext(java.lang.Class,org.springframework.test.context.CacheAwareContextLoaderDelegate)]
09:38:40.029 [main] DEBUG org.springframework.test.context.BootstrapUtils - Instantiating TestContextBootstrapper for test class [documentManagement.DocumentManagementApplicationTests] from class [org.springframework.boot.test.context.SpringBootTestContextBootstrapper]
09:38:40.039 [main] INFO org.springframework.boot.test.context.SpringBootTestContextBootstrapper - Neither @ContextConfiguration nor @ContextHierarchy found for test class [documentManagement.DocumentManagementApplicationTests], using SpringBootContextLoader
09:38:40.039 [main] DEBUG org.springframework.test.context.support.AbstractContextLoader - Did not detect default resource location for test class [documentManagement.DocumentManagementApplicationTests]: class path resource [documentManagement/DocumentManagementApplicationTests-context.xml] does not exist
09:38:40.046 [main] DEBUG org.springframework.test.context.support.AbstractContextLoader - Did not detect default resource location for test class [documentManagement.DocumentManagementApplicationTests]: class path resource [documentManagement/DocumentManagementApplicationTestsContext.groovy] does not exist
09:38:40.046 [main] INFO org.springframework.test.context.support.AbstractContextLoader - Could not detect default resource locations for test class [documentManagement.DocumentManagementApplicationTests]: no resource found for suffixes {-context.xml, Context.groovy}.
09:38:40.046 [main] INFO org.springframework.test.context.support.AnnotationConfigContextLoaderUtils - Could not detect default configuration classes for test class [documentManagement.DocumentManagementApplicationTests]: DocumentManagementApplicationTests does not declare any static, non-private, non-final, nested classes annotated with @Configuration.
09:38:40.103 [main] DEBUG org.springframework.test.context.support.ActiveProfilesUtils - Could not find an 'annotation declaring class' for annotation type [org.springframework.test.context.ActiveProfiles] and class [documentManagement.DocumentManagementApplicationTests]
09:38:40.182 [main] DEBUG org.springframework.context.annotation.ClassPathScanningCandidateComponentProvider - Identified candidate component class: file [C:\Users\devad\OneDrive\Documents\ProjectsPractice\workspace\DocumentManagement\DocumentManagement\target\classes\documentManagement\DocumentManagementApplication.class]
09:38:40.183 [main] INFO org.springframework.boot.test.context.SpringBootTestContextBootstrapper - Found @SpringBootConfiguration documentManagement.DocumentManagementApplication for test class documentManagement.DocumentManagementApplicationTests
09:38:40.284 [main] DEBUG org.springframework.boot.test.context.SpringBootTestContextBootstrapper - @TestExecutionListeners is not present for class [documentManagement.DocumentManagementApplicationTests]: using defaults.
09:38:40.284 [main] INFO org.springframework.boot.test.context.SpringBootTestContextBootstrapper - Loaded default TestExecutionListener class names from location [META-INF/spring.factories]: [org.springframework.boot.test.mock.mockito.MockitoTestExecutionListener, org.springframework.boot.test.mock.mockito.ResetMocksTestExecutionListener, org.springframework.boot.test.autoconfigure.restdocs.RestDocsTestExecutionListener, org.springframework.boot.test.autoconfigure.web.client.MockRestServiceServerResetTestExecutionListener, org.springframework.boot.test.autoconfigure.web.servlet.MockMvcPrintOnlyOnFailureTestExecutionListener, org.springframework.boot.test.autoconfigure.web.servlet.WebDriverTestExecutionListener, org.springframework.boot.test.autoconfigure.webservices.client.MockWebServiceServerTestExecutionListener, org.springframework.test.context.web.ServletTestExecutionListener, org.springframework.test.context.support.DirtiesContextBeforeModesTestExecutionListener, org.springframework.test.context.event.ApplicationEventsTestExecutionListener, org.springframework.test.context.support.DependencyInjectionTestExecutionListener, org.springframework.test.context.support.DirtiesContextTestExecutionListener, org.springframework.test.context.transaction.TransactionalTestExecutionListener, org.springframework.test.context.jdbc.SqlScriptsTestExecutionListener, org.springframework.test.context.event.EventPublishingTestExecutionListener]
09:38:40.302 [main] INFO org.springframework.boot.test.context.SpringBootTestContextBootstrapper - Using TestExecutionListeners: [org.springframework.test.context.web.ServletTestExecutionListener@5a18cd76, org.springframework.test.context.support.DirtiesContextBeforeModesTestExecutionListener@3da30852, org.springframework.test.context.event.ApplicationEventsTestExecutionListener@403f0a22, org.springframework.boot.test.mock.mockito.MockitoTestExecutionListener@503ecb24, org.springframework.boot.test.autoconfigure.SpringBootDependencyInjectionTestExecutionListener@4c51cf28, org.springframework.test.context.support.DirtiesContextTestExecutionListener@6995bf68, org.springframework.test.context.transaction.TransactionalTestExecutionListener@5143c662, org.springframework.test.context.jdbc.SqlScriptsTestExecutionListener@77825085, org.springframework.test.context.event.EventPublishingTestExecutionListener@3568f9d2, org.springframework.boot.test.mock.mockito.ResetMocksTestExecutionListener@71c27ee8, org.springframework.boot.test.autoconfigure.restdocs.RestDocsTestExecutionListener@3e7dd664, org.springframework.boot.test.autoconfigure.web.client.MockRestServiceServerResetTestExecutionListener@5b1ebf56, org.springframework.boot.test.autoconfigure.web.servlet.MockMvcPrintOnlyOnFailureTestExecutionListener@294a6b8e, org.springframework.boot.test.autoconfigure.web.servlet.WebDriverTestExecutionListener@4b1d6571, org.springframework.boot.test.autoconfigure.webservices.client.MockWebServiceServerTestExecutionListener@1b835480]
09:38:40.313 [main] DEBUG org.springframework.test.context.support.AbstractDirtiesContextTestExecutionListener - Before test class: context [DefaultTestContext@134d26af testClass = DocumentManagementApplicationTests, testInstance = [null], testMethod = [null], testException = [null], mergedContextConfiguration = [WebMergedContextConfiguration@66ac5762 testClass = DocumentManagementApplicationTests, locations = '{}', classes = '{class documentManagement.DocumentManagementApplication}', contextInitializerClasses = '[]', activeProfiles = '{}', propertySourceLocations = '{}', propertySourceProperties = '{org.springframework.boot.test.context.SpringBootTestContextBootstrapper=true}', contextCustomizers = set[org.springframework.boot.test.context.filter.ExcludeFilterContextCustomizer@1ca3b418, org.springframework.boot.test.json.DuplicateJsonObjectContextCustomizerFactory$DuplicateJsonObjectContextCustomizer@7161d8d1, org.springframework.boot.test.mock.mockito.MockitoContextCustomizer@0, org.springframework.boot.test.web.client.TestRestTemplateContextCustomizer@4b29d1d2, org.springframework.boot.test.autoconfigure.actuate.metrics.MetricsExportContextCustomizerFactory$DisableMetricExportContextCustomizer@5afa3c9, org.springframework.boot.test.autoconfigure.properties.PropertyMappingContextCustomizer@0, org.springframework.boot.test.autoconfigure.web.servlet.WebDriverContextCustomizerFactory$Customizer@5b247367, org.springframework.boot.test.context.SpringBootTestArgs@1, org.springframework.boot.test.context.SpringBootTestWebEnvironment@dbd940d], resourceBasePath = 'src/main/webapp', contextLoader = 'org.springframework.boot.test.context.SpringBootContextLoader', parent = [null]], attributes = map['org.springframework.test.context.web.ServletTestExecutionListener.activateListener' -> true]], class annotated with @DirtiesContext [false] with mode [null].

  .   ____          _            __ _ _
 /\\ / ___'_ __ _ _(_)_ __  __ _ \ \ \ \
( ( )\___ | '_ | '_| | '_ \/ _` | \ \ \ \
 \\/  ___)| |_)| | | | | || (_| |  ) ) ) )
  '  |____| .__|_| |_|_| |_\__, | / / / /
 =========|_|==============|___/=/_/_/_/
 :: Spring Boot ::               (v2.7.18)

2025-05-21 09:38:40.766  INFO 12380 --- [           main] d.DocumentManagementApplicationTests     : Starting DocumentManagementApplicationTests using Java 17.0.12 on LAPTOP-0V1V92KU with PID 12380 (started by devad in C:\Users\devad\OneDrive\Documents\ProjectsPractice\workspace\DocumentManagement\DocumentManagement)
2025-05-21 09:38:40.766  INFO 12380 --- [           main] d.DocumentManagementApplicationTests     : No active profile set, falling back to 1 default profile: "default"
2025-05-21 09:38:41.657  INFO 12380 --- [           main] .s.d.r.c.RepositoryConfigurationDelegate : Bootstrapping Spring Data JPA repositories in DEFAULT mode.
2025-05-21 09:38:41.723  INFO 12380 --- [           main] .s.d.r.c.RepositoryConfigurationDelegate : Finished Spring Data repository scanning in 56 ms. Found 3 JPA repository interfaces.
2025-05-21 09:38:42.395  INFO 12380 --- [           main] com.zaxxer.hikari.HikariDataSource       : HikariPool-1 - Starting...
2025-05-21 09:38:42.885  INFO 12380 --- [           main] com.zaxxer.hikari.HikariDataSource       : HikariPool-1 - Start completed.
2025-05-21 09:38:42.990  INFO 12380 --- [           main] o.hibernate.jpa.internal.util.LogHelper  : HHH000204: Processing PersistenceUnitInfo [name: default]
2025-05-21 09:38:43.089  INFO 12380 --- [           main] org.hibernate.Version                    : HHH000412: Hibernate ORM core version 5.6.15.Final
2025-05-21 09:38:43.339  INFO 12380 --- [           main] o.hibernate.annotations.common.Version   : HCANN000001: Hibernate Commons Annotations {5.1.2.Final}
2025-05-21 09:38:43.487  INFO 12380 --- [           main] org.hibernate.dialect.Dialect            : HHH000400: Using dialect: org.hibernate.dialect.MySQLDialect
2025-05-21 09:38:44.119  INFO 12380 --- [           main] o.h.e.t.j.p.i.JtaPlatformInitiator       : HHH000490: Using JtaPlatform implementation: [org.hibernate.engine.transaction.jta.platform.internal.NoJtaPlatform]
2025-05-21 09:38:44.133  INFO 12380 --- [           main] j.LocalContainerEntityManagerFactoryBean : Initialized JPA EntityManagerFactory for persistence unit 'default'
2025-05-21 09:38:44.601  INFO 12380 --- [           main] d.security.JwtTokenProvider              : JWT Secret Key from Initializer: 06WaVSvk9LJD+D7Iaee9R/7dwSDMTWSiy7Iju9b/KtY=
2025-05-21 09:38:44.817  WARN 12380 --- [           main] JpaBaseConfiguration$JpaWebConfiguration : spring.jpa.open-in-view is enabled by default. Therefore, database queries may be performed during view rendering. Explicitly configure spring.jpa.open-in-view to disable this warning
2025-05-21 09:38:44.935 DEBUG 12380 --- [           main] .PrePostAnnotationSecurityMetadataSource : @org.springframework.security.access.prepost.PreAuthorize("hasAnyRole(\'ADMIN\', \'EDITOR\')") found on specific method: public org.springframework.http.ResponseEntity documentManagement.controller.AuthController.deleteUser(java.lang.Long)
2025-05-21 09:38:44.935 DEBUG 12380 --- [           main] m.DelegatingMethodSecurityMetadataSource : Caching method [CacheKey[documentManagement.controller.AuthController; public org.springframework.http.ResponseEntity documentManagement.controller.AuthController.deleteUser(java.lang.Long)]] with attributes [[authorize: 'hasAnyRole('ADMIN', 'EDITOR')', filter: 'null', filterTarget: 'null']]
2025-05-21 09:38:44.964 DEBUG 12380 --- [           main] .PrePostAnnotationSecurityMetadataSource : @org.springframework.security.access.prepost.PreAuthorize("hasAnyRole(\'ADMIN\', \'EDITOR\')") found on specific method: public org.springframework.http.ResponseEntity documentManagement.controller.AuthController.getAllUsers()
2025-05-21 09:38:44.966 DEBUG 12380 --- [           main] m.DelegatingMethodSecurityMetadataSource : Caching method [CacheKey[documentManagement.controller.AuthController; public org.springframework.http.ResponseEntity documentManagement.controller.AuthController.getAllUsers()]] with attributes [[authorize: 'hasAnyRole('ADMIN', 'EDITOR')', filter: 'null', filterTarget: 'null']]
2025-05-21 09:38:44.966 DEBUG 12380 --- [           main] .PrePostAnnotationSecurityMetadataSource : @org.springframework.security.access.prepost.PreAuthorize("hasAnyRole(\'ADMIN\', \'EDITOR\')") found on specific method: public org.springframework.http.ResponseEntity documentManagement.controller.AuthController.updateUserRole(java.lang.Long,documentManagement.controller.AuthController$UpdateUserRoleRequest)
2025-05-21 09:38:44.966 DEBUG 12380 --- [           main] m.DelegatingMethodSecurityMetadataSource : Caching method [CacheKey[documentManagement.controller.AuthController; public org.springframework.http.ResponseEntity documentManagement.controller.AuthController.updateUserRole(java.lang.Long,documentManagement.controller.AuthController$UpdateUserRoleRequest)]] with attributes [[authorize: 'hasAnyRole('ADMIN', 'EDITOR')', filter: 'null', filterTarget: 'null']]
2025-05-21 09:38:45.184 DEBUG 12380 --- [           main] .PrePostAnnotationSecurityMetadataSource : @org.springframework.security.access.prepost.PreAuthorize("hasRole(\'ADMIN\') or hasRole(\'EDITOR\')") found on specific method: public java.util.concurrent.CompletableFuture documentManagement.controller.DocumentController.ingestDocument(java.lang.String,java.lang.String,java.lang.String,org.springframework.web.multipart.MultipartFile)
2025-05-21 09:38:45.184 DEBUG 12380 --- [           main] m.DelegatingMethodSecurityMetadataSource : Caching method [CacheKey[documentManagement.controller.DocumentController; public java.util.concurrent.CompletableFuture documentManagement.controller.DocumentController.ingestDocument(java.lang.String,java.lang.String,java.lang.String,org.springframework.web.multipart.MultipartFile)]] with attributes [[authorize: 'hasRole('ADMIN') or hasRole('EDITOR')', filter: 'null', filterTarget: 'null']]
2025-05-21 09:38:45.184 DEBUG 12380 --- [           main] .PrePostAnnotationSecurityMetadataSource : @org.springframework.security.access.prepost.PreAuthorize("hasRole(\'ADMIN\') or hasRole(\'EDITOR\') or hasRole(\'viewer\')") found on specific method: public org.springframework.http.ResponseEntity documentManagement.controller.DocumentController.getDocumentById(java.lang.Long)
2025-05-21 09:38:45.184 DEBUG 12380 --- [           main] m.DelegatingMethodSecurityMetadataSource : Caching method [CacheKey[documentManagement.controller.DocumentController; public org.springframework.http.ResponseEntity documentManagement.controller.DocumentController.getDocumentById(java.lang.Long)]] with attributes [[authorize: 'hasRole('ADMIN') or hasRole('EDITOR') or hasRole('viewer')', filter: 'null', filterTarget: 'null']]
2025-05-21 09:38:45.455 DEBUG 12380 --- [           main] edFilterInvocationSecurityMetadataSource : Adding web access control expression [permitAll] for Or [Ant [pattern='/auth/logout', GET], Ant [pattern='/auth/logout', POST], Ant [pattern='/auth/logout', PUT], Ant [pattern='/auth/logout', DELETE]]
2025-05-21 09:38:45.457 DEBUG 12380 --- [           main] edFilterInvocationSecurityMetadataSource : Adding web access control expression [permitAll] for ExactUrl [processUrl='/auth/login?logout=true']
2025-05-21 09:38:45.457 DEBUG 12380 --- [           main] edFilterInvocationSecurityMetadataSource : Adding web access control expression [permitAll] for Ant [pattern='/auth/register']
2025-05-21 09:38:45.457 DEBUG 12380 --- [           main] edFilterInvocationSecurityMetadataSource : Adding web access control expression [permitAll] for Ant [pattern='/auth/login']
2025-05-21 09:38:45.457 DEBUG 12380 --- [           main] edFilterInvocationSecurityMetadataSource : Adding web access control expression [permitAll] for Ant [pattern='/favicon.ico']
2025-05-21 09:38:45.457 DEBUG 12380 --- [           main] edFilterInvocationSecurityMetadataSource : Adding web access control expression [permitAll] for Ant [pattern='/v3/api-docs/**']
2025-05-21 09:38:45.457 DEBUG 12380 --- [           main] edFilterInvocationSecurityMetadataSource : Adding web access control expression [permitAll] for Ant [pattern='/swagger-ui/**']
2025-05-21 09:38:45.457 DEBUG 12380 --- [           main] edFilterInvocationSecurityMetadataSource : Adding web access control expression [permitAll] for Ant [pattern='/swagger-ui.html']
2025-05-21 09:38:45.457 DEBUG 12380 --- [           main] edFilterInvocationSecurityMetadataSource : Adding web access control expression [permitAll] for Ant [pattern='/webjars/**']
2025-05-21 09:38:45.457 DEBUG 12380 --- [           main] edFilterInvocationSecurityMetadataSource : Adding web access control expression [permitAll] for Ant [pattern='/swagger-resources/**']
2025-05-21 09:38:45.457 DEBUG 12380 --- [           main] edFilterInvocationSecurityMetadataSource : Adding web access control expression [permitAll] for Ant [pattern='/configuration/ui']
2025-05-21 09:38:45.457 DEBUG 12380 --- [           main] edFilterInvocationSecurityMetadataSource : Adding web access control expression [permitAll] for Ant [pattern='/configuration/security']
2025-05-21 09:38:45.457 DEBUG 12380 --- [           main] edFilterInvocationSecurityMetadataSource : Adding web access control expression [hasAnyRole('ROLE_ADMIN','ROLE_EDITOR','ROLE_VIEWER')] for Ant [pattern='/api/documents/**']
2025-05-21 09:38:45.457 DEBUG 12380 --- [           main] edFilterInvocationSecurityMetadataSource : Adding web access control expression [hasAnyRole('ROLE_ADMIN','ROLE_EDITOR')] for Ant [pattern='/auth/user/**']
2025-05-21 09:38:45.459 DEBUG 12380 --- [           main] edFilterInvocationSecurityMetadataSource : Adding web access control expression [authenticated] for any request
2025-05-21 09:38:45.475  INFO 12380 --- [           main] o.s.s.web.DefaultSecurityFilterChain     : Will secure any request with [org.springframework.security.web.session.DisableEncodeUrlFilter@7c31e01f, org.springframework.security.web.context.request.async.WebAsyncManagerIntegrationFilter@7945986a, org.springframework.security.web.context.SecurityContextPersistenceFilter@4c9bed65, org.springframework.security.web.header.HeaderWriterFilter@6c167296, org.springframework.web.filter.CorsFilter@442151d1, org.springframework.security.web.authentication.logout.LogoutFilter@2caa9666, documentManagement.security.JwtAuthenticationFilter@279e8bc0, org.springframework.security.web.authentication.www.BasicAuthenticationFilter@6344004d, org.springframework.security.web.savedrequest.RequestCacheAwareFilter@63b2418e, org.springframework.security.web.servletapi.SecurityContextHolderAwareRequestFilter@2267b0bb, org.springframework.security.web.authentication.AnonymousAuthenticationFilter@aca2a0b, org.springframework.security.web.session.SessionManagementFilter@6dadcf58, org.springframework.security.web.access.ExceptionTranslationFilter@522f74a1, org.springframework.security.web.access.intercept.FilterSecurityInterceptor@34d26a68]
2025-05-21 09:38:46.644  INFO 12380 --- [           main] d.DocumentManagementApplicationTests     : Started DocumentManagementApplicationTests in 6.277 seconds (JVM running for 7.338)
]]></system-out>
  </testcase>
</testsuite>